0 info it worked if it ends with ok
1 verbose cli [ '/usr/local/bin/node', '/usr/local/bin/npm', 'start' ]
2 info using npm@3.9.0
3 info using node@v4.4.1
4 verbose run-script [ 'prestart', 'start', 'poststart' ]
5 info lifecycle pheno-com@0.2.1~prestart: pheno-com@0.2.1
6 silly lifecycle pheno-com@0.2.1~prestart: no script for prestart, continuing
7 info lifecycle pheno-com@0.2.1~start: pheno-com@0.2.1
8 verbose lifecycle pheno-com@0.2.1~start: unsafe-perm in lifecycle true
9 verbose lifecycle pheno-com@0.2.1~start: PATH: /usr/local/lib/node_modules/npm/bin/node-gyp-bin:/Users/rdollete/Dev/pheno-com/node_modules/.bin:/usr/local/bin:/usr/local/bin:/usr/bin:/bin:/usr/sbin:/sbin
10 verbose lifecycle pheno-com@0.2.1~start: CWD: /Users/rdollete/Dev/pheno-com
11 silly lifecycle pheno-com@0.2.1~start: Args: [ '-c', 'bash ./deploy/server' ]
12 silly lifecycle pheno-com@0.2.1~start: Returned: code: 1  signal: null
13 info lifecycle pheno-com@0.2.1~start: Failed to exec start script
14 verbose stack Error: pheno-com@0.2.1 start: `bash ./deploy/server`
14 verbose stack Exit status 1
14 verbose stack     at EventEmitter.<anonymous> (/usr/local/lib/node_modules/npm/lib/utils/lifecycle.js:245:16)
14 verbose stack     at emitTwo (events.js:87:13)
14 verbose stack     at EventEmitter.emit (events.js:172:7)
14 verbose stack     at ChildProcess.<anonymous> (/usr/local/lib/node_modules/npm/lib/utils/spawn.js:24:14)
14 verbose stack     at emitTwo (events.js:87:13)
14 verbose stack     at ChildProcess.emit (events.js:172:7)
14 verbose stack     at maybeClose (internal/child_process.js:827:16)
14 verbose stack     at Process.ChildProcess._handle.onexit (internal/child_process.js:211:5)
15 verbose pkgid pheno-com@0.2.1
16 verbose cwd /Users/rdollete/Dev/pheno-com
17 error Darwin 15.6.0
18 error argv "/usr/local/bin/node" "/usr/local/bin/npm" "start"
19 error node v4.4.1
20 error npm  v3.9.0
21 error code ELIFECYCLE
22 error pheno-com@0.2.1 start: `bash ./deploy/server`
22 error Exit status 1
23 error Failed at the pheno-com@0.2.1 start script 'bash ./deploy/server'.
23 error Make sure you have the latest version of node.js and npm installed.
23 error If you do, this is most likely a problem with the pheno-com package,
23 error not with npm itself.
23 error Tell the author that this fails on your system:
23 error     bash ./deploy/server
23 error You can get information on how to open an issue for this project with:
23 error     npm bugs pheno-com
23 error Or if that isn't available, you can get their info via:
23 error     npm owner ls pheno-com
23 error There is likely additional logging output above.
24 verbose exit [ 1, true ]
