0 info it worked if it ends with ok
1 verbose cli [ '/usr/local/bin/node',
1 verbose cli   '/usr/local/bin/npm',
1 verbose cli   'owner',
1 verbose cli   'ls',
1 verbose cli   'pheno-com' ]
2 info using npm@2.15.9
3 info using node@v4.5.0
4 silly mapToRegistry name pheno-com
5 silly mapToRegistry using default registry
6 silly mapToRegistry registry https://registry.npmjs.org/
7 silly mapToRegistry data Result {
7 silly mapToRegistry   raw: 'pheno-com',
7 silly mapToRegistry   scope: null,
7 silly mapToRegistry   name: 'pheno-com',
7 silly mapToRegistry   rawSpec: '',
7 silly mapToRegistry   spec: 'latest',
7 silly mapToRegistry   type: 'tag' }
8 silly mapToRegistry uri https://registry.npmjs.org/pheno-com
9 verbose request uri https://registry.npmjs.org/pheno-com
10 verbose request no auth needed
11 info attempt registry request try #1 at 11:08:31 AM
12 verbose request id 3794d03535067dd7
13 http request GET https://registry.npmjs.org/pheno-com
14 http 404 https://registry.npmjs.org/pheno-com
15 verbose headers { 'content-type': 'application/json',
15 verbose headers   'cache-control': 'max-age=0',
15 verbose headers   'content-length': '2',
15 verbose headers   'accept-ranges': 'bytes',
15 verbose headers   date: 'Thu, 22 Dec 2016 19:08:31 GMT',
15 verbose headers   via: '1.1 varnish',
15 verbose headers   age: '0',
15 verbose headers   connection: 'keep-alive',
15 verbose headers   'x-served-by': 'cache-lax8642-LAX',
15 verbose headers   'x-cache': 'MISS',
15 verbose headers   'x-cache-hits': '0',
15 verbose headers   'x-timer': 'S1482433711.569682,VS0,VE225',
15 verbose headers   vary: 'Accept-Encoding' }
16 silly get cb [ 404,
16 silly get   { 'content-type': 'application/json',
16 silly get     'cache-control': 'max-age=0',
16 silly get     'content-length': '2',
16 silly get     'accept-ranges': 'bytes',
16 silly get     date: 'Thu, 22 Dec 2016 19:08:31 GMT',
16 silly get     via: '1.1 varnish',
16 silly get     age: '0',
16 silly get     connection: 'keep-alive',
16 silly get     'x-served-by': 'cache-lax8642-LAX',
16 silly get     'x-cache': 'MISS',
16 silly get     'x-cache-hits': '0',
16 silly get     'x-timer': 'S1482433711.569682,VS0,VE225',
16 silly get     vary: 'Accept-Encoding' } ]
17 error owner ls Couldn't get owner data pheno-com
18 verbose stack Error: Registry returned 404 for GET on https://registry.npmjs.org/pheno-com
18 verbose stack     at makeError (/usr/local/lib/node_modules/npm/node_modules/npm-registry-client/lib/request.js:264:12)
18 verbose stack     at CachingRegistryClient.<anonymous> (/usr/local/lib/node_modules/npm/node_modules/npm-registry-client/lib/request.js:242:14)
18 verbose stack     at Request._callback (/usr/local/lib/node_modules/npm/node_modules/npm-registry-client/lib/request.js:172:14)
18 verbose stack     at Request.self.callback (/usr/local/lib/node_modules/npm/node_modules/request/request.js:200:22)
18 verbose stack     at emitTwo (events.js:87:13)
18 verbose stack     at Request.emit (events.js:172:7)
18 verbose stack     at Request.<anonymous> (/usr/local/lib/node_modules/npm/node_modules/request/request.js:1067:10)
18 verbose stack     at emitOne (events.js:82:20)
18 verbose stack     at Request.emit (events.js:169:7)
18 verbose stack     at IncomingMessage.<anonymous> (/usr/local/lib/node_modules/npm/node_modules/request/request.js:988:12)
19 verbose statusCode 404
20 verbose pkgid pheno-com
21 verbose cwd /Users/jpimenta/pheno-com/app
22 error Darwin 15.4.0
23 error argv "/usr/local/bin/node" "/usr/local/bin/npm" "owner" "ls" "pheno-com"
24 error node v4.5.0
25 error npm  v2.15.9
26 error code E404
27 error 404 Registry returned 404 for GET on https://registry.npmjs.org/pheno-com
27 error 404
27 error 404 'pheno-com' is not in the npm registry.
27 error 404 You should bug the author to publish it (or use the name yourself!)
27 error 404
27 error 404 Note that you can also install from a
27 error 404 tarball, folder, http url, or git url.
28 verbose exit [ 1, true ]
