0 info it worked if it ends with ok
1 verbose cli [ '/usr/local/bin/node',
1 verbose cli   '/usr/local/bin/npm',
1 verbose cli   'run',
1 verbose cli   'build:staging' ]
2 info using npm@2.14.20
3 info using node@v4.4.1
4 verbose run-script [ 'prebuild:staging', 'build:staging', 'postbuild:staging' ]
5 info prebuild:staging pheno-com@0.2.1
6 info build:staging pheno-com@0.2.1
7 verbose unsafe-perm in lifecycle true
8 info pheno-com@0.2.1 Failed to exec build:staging script
9 verbose stack Error: pheno-com@0.2.1 build:staging: `bash ./deploy/build-staging`
9 verbose stack Exit status 134
9 verbose stack     at EventEmitter.<anonymous> (/usr/local/lib/node_modules/npm/lib/utils/lifecycle.js:214:16)
9 verbose stack     at emitTwo (events.js:87:13)
9 verbose stack     at EventEmitter.emit (events.js:172:7)
9 verbose stack     at ChildProcess.<anonymous> (/usr/local/lib/node_modules/npm/lib/utils/spawn.js:24:14)
9 verbose stack     at emitTwo (events.js:87:13)
9 verbose stack     at ChildProcess.emit (events.js:172:7)
9 verbose stack     at maybeClose (internal/child_process.js:827:16)
9 verbose stack     at Process.ChildProcess._handle.onexit (internal/child_process.js:211:5)
10 verbose pkgid pheno-com@0.2.1
11 verbose cwd /Users/rdollete/Dev/pheno-com/assets
12 error Darwin 15.4.0
13 error argv "/usr/local/bin/node" "/usr/local/bin/npm" "run" "build:staging"
14 error node v4.4.1
15 error npm  v2.14.20
16 error code ELIFECYCLE
17 error pheno-com@0.2.1 build:staging: `bash ./deploy/build-staging`
17 error Exit status 134
18 error Failed at the pheno-com@0.2.1 build:staging script 'bash ./deploy/build-staging'.
18 error This is most likely a problem with the pheno-com package,
18 error not with npm itself.
18 error Tell the author that this fails on your system:
18 error     bash ./deploy/build-staging
18 error You can get information on how to open an issue for this project with:
18 error     npm bugs pheno-com
18 error Or if that isn't available, you can get their info via:
18 error
18 error     npm owner ls pheno-com
18 error There is likely additional logging output above.
19 verbose exit [ 1, true ]
